G75*
G70*
%OFA0B0*%
%FSLAX24Y24*%
%IPPOS*%
%LPD*%
%AMOC8*
5,1,8,0,0,1.08239X$1,22.5*
%
%ADD10C,0.0000*%
D10*
X002721Y000101D02*
X002721Y039471D01*
X065713Y039471D01*
X065713Y000101D01*
X002721Y000101D01*
X004060Y002069D02*
X004062Y002119D01*
X004068Y002169D01*
X004078Y002218D01*
X004092Y002266D01*
X004109Y002313D01*
X004130Y002358D01*
X004155Y002402D01*
X004183Y002443D01*
X004215Y002482D01*
X004249Y002519D01*
X004286Y002553D01*
X004326Y002583D01*
X004368Y002610D01*
X004412Y002634D01*
X004458Y002655D01*
X004505Y002671D01*
X004553Y002684D01*
X004603Y002693D01*
X004652Y002698D01*
X004703Y002699D01*
X004753Y002696D01*
X004802Y002689D01*
X004851Y002678D01*
X004899Y002663D01*
X004945Y002645D01*
X004990Y002623D01*
X005033Y002597D01*
X005074Y002568D01*
X005113Y002536D01*
X005149Y002501D01*
X005181Y002463D01*
X005211Y002423D01*
X005238Y002380D01*
X005261Y002336D01*
X005280Y002290D01*
X005296Y002242D01*
X005308Y002193D01*
X005316Y002144D01*
X005320Y002094D01*
X005320Y002044D01*
X005316Y001994D01*
X005308Y001945D01*
X005296Y001896D01*
X005280Y001848D01*
X005261Y001802D01*
X005238Y001758D01*
X005211Y001715D01*
X005181Y001675D01*
X005149Y001637D01*
X005113Y001602D01*
X005074Y001570D01*
X005033Y001541D01*
X004990Y001515D01*
X004945Y001493D01*
X004899Y001475D01*
X004851Y001460D01*
X004802Y001449D01*
X004753Y001442D01*
X004703Y001439D01*
X004652Y001440D01*
X004603Y001445D01*
X004553Y001454D01*
X004505Y001467D01*
X004458Y001483D01*
X004412Y001504D01*
X004368Y001528D01*
X004326Y001555D01*
X004286Y001585D01*
X004249Y001619D01*
X004215Y001656D01*
X004183Y001695D01*
X004155Y001736D01*
X004130Y001780D01*
X004109Y001825D01*
X004092Y001872D01*
X004078Y001920D01*
X004068Y001969D01*
X004062Y002019D01*
X004060Y002069D01*
X003091Y007601D02*
X003093Y007651D01*
X003099Y007701D01*
X003109Y007750D01*
X003123Y007798D01*
X003140Y007845D01*
X003161Y007890D01*
X003186Y007934D01*
X003214Y007975D01*
X003246Y008014D01*
X003280Y008051D01*
X003317Y008085D01*
X003357Y008115D01*
X003399Y008142D01*
X003443Y008166D01*
X003489Y008187D01*
X003536Y008203D01*
X003584Y008216D01*
X003634Y008225D01*
X003683Y008230D01*
X003734Y008231D01*
X003784Y008228D01*
X003833Y008221D01*
X003882Y008210D01*
X003930Y008195D01*
X003976Y008177D01*
X004021Y008155D01*
X004064Y008129D01*
X004105Y008100D01*
X004144Y008068D01*
X004180Y008033D01*
X004212Y007995D01*
X004242Y007955D01*
X004269Y007912D01*
X004292Y007868D01*
X004311Y007822D01*
X004327Y007774D01*
X004339Y007725D01*
X004347Y007676D01*
X004351Y007626D01*
X004351Y007576D01*
X004347Y007526D01*
X004339Y007477D01*
X004327Y007428D01*
X004311Y007380D01*
X004292Y007334D01*
X004269Y007290D01*
X004242Y007247D01*
X004212Y007207D01*
X004180Y007169D01*
X004144Y007134D01*
X004105Y007102D01*
X004064Y007073D01*
X004021Y007047D01*
X003976Y007025D01*
X003930Y007007D01*
X003882Y006992D01*
X003833Y006981D01*
X003784Y006974D01*
X003734Y006971D01*
X003683Y006972D01*
X003634Y006977D01*
X003584Y006986D01*
X003536Y006999D01*
X003489Y007015D01*
X003443Y007036D01*
X003399Y007060D01*
X003357Y007087D01*
X003317Y007117D01*
X003280Y007151D01*
X003246Y007188D01*
X003214Y007227D01*
X003186Y007268D01*
X003161Y007312D01*
X003140Y007357D01*
X003123Y007404D01*
X003109Y007452D01*
X003099Y007501D01*
X003093Y007551D01*
X003091Y007601D01*
X006469Y011514D02*
X007335Y011514D01*
X007335Y011515D02*
X007358Y011517D01*
X007381Y011522D01*
X007403Y011531D01*
X007423Y011542D01*
X007442Y011557D01*
X007458Y011574D01*
X007471Y011593D01*
X007481Y011615D01*
X007488Y011637D01*
X007492Y011660D01*
X007492Y011684D01*
X007488Y011707D01*
X007481Y011729D01*
X007471Y011750D01*
X007458Y011770D01*
X007442Y011787D01*
X007423Y011802D01*
X007403Y011813D01*
X007381Y011822D01*
X007358Y011827D01*
X007335Y011829D01*
X006469Y011829D01*
X006446Y011827D01*
X006423Y011822D01*
X006401Y011813D01*
X006381Y011802D01*
X006362Y011787D01*
X006346Y011770D01*
X006333Y011750D01*
X006323Y011729D01*
X006316Y011707D01*
X006312Y011684D01*
X006312Y011660D01*
X006316Y011637D01*
X006323Y011615D01*
X006333Y011593D01*
X006346Y011574D01*
X006362Y011557D01*
X006381Y011542D01*
X006401Y011531D01*
X006423Y011522D01*
X006446Y011517D01*
X006469Y011515D01*
X007926Y013089D02*
X007926Y014113D01*
X007928Y014136D01*
X007933Y014159D01*
X007942Y014181D01*
X007953Y014201D01*
X007968Y014220D01*
X007985Y014236D01*
X008005Y014249D01*
X008026Y014259D01*
X008048Y014266D01*
X008071Y014270D01*
X008095Y014270D01*
X008118Y014266D01*
X008140Y014259D01*
X008161Y014249D01*
X008181Y014236D01*
X008198Y014220D01*
X008213Y014201D01*
X008224Y014181D01*
X008233Y014159D01*
X008238Y014136D01*
X008240Y014113D01*
X008241Y014113D02*
X008241Y013089D01*
X008240Y013089D02*
X008238Y013066D01*
X008233Y013043D01*
X008224Y013021D01*
X008213Y013001D01*
X008198Y012982D01*
X008181Y012966D01*
X008161Y012953D01*
X008140Y012943D01*
X008118Y012936D01*
X008095Y012932D01*
X008071Y012932D01*
X008048Y012936D01*
X008026Y012943D01*
X008005Y012953D01*
X007985Y012966D01*
X007968Y012982D01*
X007953Y013001D01*
X007942Y013021D01*
X007933Y013043D01*
X007928Y013066D01*
X007926Y013089D01*
X005879Y013207D02*
X005879Y014034D01*
X005878Y014034D02*
X005876Y014057D01*
X005871Y014080D01*
X005862Y014102D01*
X005851Y014122D01*
X005836Y014141D01*
X005819Y014157D01*
X005799Y014170D01*
X005778Y014180D01*
X005756Y014187D01*
X005733Y014191D01*
X005709Y014191D01*
X005686Y014187D01*
X005664Y014180D01*
X005643Y014170D01*
X005623Y014157D01*
X005606Y014141D01*
X005591Y014122D01*
X005580Y014102D01*
X005571Y014080D01*
X005566Y014057D01*
X005564Y014034D01*
X005564Y013207D01*
X005566Y013184D01*
X005571Y013161D01*
X005580Y013139D01*
X005591Y013119D01*
X005606Y013100D01*
X005623Y013084D01*
X005643Y013071D01*
X005664Y013061D01*
X005686Y013054D01*
X005709Y013050D01*
X005733Y013050D01*
X005756Y013054D01*
X005778Y013061D01*
X005799Y013071D01*
X005819Y013084D01*
X005836Y013100D01*
X005851Y013119D01*
X005862Y013139D01*
X005871Y013161D01*
X005876Y013184D01*
X005878Y013207D01*
X014091Y015101D02*
X014093Y015151D01*
X014099Y015201D01*
X014109Y015250D01*
X014123Y015298D01*
X014140Y015345D01*
X014161Y015390D01*
X014186Y015434D01*
X014214Y015475D01*
X014246Y015514D01*
X014280Y015551D01*
X014317Y015585D01*
X014357Y015615D01*
X014399Y015642D01*
X014443Y015666D01*
X014489Y015687D01*
X014536Y015703D01*
X014584Y015716D01*
X014634Y015725D01*
X014683Y015730D01*
X014734Y015731D01*
X014784Y015728D01*
X014833Y015721D01*
X014882Y015710D01*
X014930Y015695D01*
X014976Y015677D01*
X015021Y015655D01*
X015064Y015629D01*
X015105Y015600D01*
X015144Y015568D01*
X015180Y015533D01*
X015212Y015495D01*
X015242Y015455D01*
X015269Y015412D01*
X015292Y015368D01*
X015311Y015322D01*
X015327Y015274D01*
X015339Y015225D01*
X015347Y015176D01*
X015351Y015126D01*
X015351Y015076D01*
X015347Y015026D01*
X015339Y014977D01*
X015327Y014928D01*
X015311Y014880D01*
X015292Y014834D01*
X015269Y014790D01*
X015242Y014747D01*
X015212Y014707D01*
X015180Y014669D01*
X015144Y014634D01*
X015105Y014602D01*
X015064Y014573D01*
X015021Y014547D01*
X014976Y014525D01*
X014930Y014507D01*
X014882Y014492D01*
X014833Y014481D01*
X014784Y014474D01*
X014734Y014471D01*
X014683Y014472D01*
X014634Y014477D01*
X014584Y014486D01*
X014536Y014499D01*
X014489Y014515D01*
X014443Y014536D01*
X014399Y014560D01*
X014357Y014587D01*
X014317Y014617D01*
X014280Y014651D01*
X014246Y014688D01*
X014214Y014727D01*
X014186Y014768D01*
X014161Y014812D01*
X014140Y014857D01*
X014123Y014904D01*
X014109Y014952D01*
X014099Y015001D01*
X014093Y015051D01*
X014091Y015101D01*
X010202Y029038D02*
X018076Y029038D01*
X018076Y032187D01*
X010202Y032187D01*
X010202Y029038D01*
X007524Y031101D02*
X007526Y031128D01*
X007532Y031155D01*
X007541Y031181D01*
X007554Y031205D01*
X007570Y031228D01*
X007589Y031247D01*
X007611Y031264D01*
X007635Y031278D01*
X007660Y031288D01*
X007687Y031295D01*
X007714Y031298D01*
X007742Y031297D01*
X007769Y031292D01*
X007795Y031284D01*
X007819Y031272D01*
X007842Y031256D01*
X007863Y031238D01*
X007880Y031217D01*
X007895Y031193D01*
X007906Y031168D01*
X007914Y031142D01*
X007918Y031115D01*
X007918Y031087D01*
X007914Y031060D01*
X007906Y031034D01*
X007895Y031009D01*
X007880Y030985D01*
X007863Y030964D01*
X007842Y030946D01*
X007820Y030930D01*
X007795Y030918D01*
X007769Y030910D01*
X007742Y030905D01*
X007714Y030904D01*
X007687Y030907D01*
X007660Y030914D01*
X007635Y030924D01*
X007611Y030938D01*
X007589Y030955D01*
X007570Y030974D01*
X007554Y030997D01*
X007541Y031021D01*
X007532Y031047D01*
X007526Y031074D01*
X007524Y031101D01*
X003091Y030601D02*
X003093Y030651D01*
X003099Y030701D01*
X003109Y030750D01*
X003123Y030798D01*
X003140Y030845D01*
X003161Y030890D01*
X003186Y030934D01*
X003214Y030975D01*
X003246Y031014D01*
X003280Y031051D01*
X003317Y031085D01*
X003357Y031115D01*
X003399Y031142D01*
X003443Y031166D01*
X003489Y031187D01*
X003536Y031203D01*
X003584Y031216D01*
X003634Y031225D01*
X003683Y031230D01*
X003734Y031231D01*
X003784Y031228D01*
X003833Y031221D01*
X003882Y031210D01*
X003930Y031195D01*
X003976Y031177D01*
X004021Y031155D01*
X004064Y031129D01*
X004105Y031100D01*
X004144Y031068D01*
X004180Y031033D01*
X004212Y030995D01*
X004242Y030955D01*
X004269Y030912D01*
X004292Y030868D01*
X004311Y030822D01*
X004327Y030774D01*
X004339Y030725D01*
X004347Y030676D01*
X004351Y030626D01*
X004351Y030576D01*
X004347Y030526D01*
X004339Y030477D01*
X004327Y030428D01*
X004311Y030380D01*
X004292Y030334D01*
X004269Y030290D01*
X004242Y030247D01*
X004212Y030207D01*
X004180Y030169D01*
X004144Y030134D01*
X004105Y030102D01*
X004064Y030073D01*
X004021Y030047D01*
X003976Y030025D01*
X003930Y030007D01*
X003882Y029992D01*
X003833Y029981D01*
X003784Y029974D01*
X003734Y029971D01*
X003683Y029972D01*
X003634Y029977D01*
X003584Y029986D01*
X003536Y029999D01*
X003489Y030015D01*
X003443Y030036D01*
X003399Y030060D01*
X003357Y030087D01*
X003317Y030117D01*
X003280Y030151D01*
X003246Y030188D01*
X003214Y030227D01*
X003186Y030268D01*
X003161Y030312D01*
X003140Y030357D01*
X003123Y030404D01*
X003109Y030452D01*
X003099Y030501D01*
X003093Y030551D01*
X003091Y030601D01*
X004060Y037502D02*
X004062Y037552D01*
X004068Y037602D01*
X004078Y037651D01*
X004092Y037699D01*
X004109Y037746D01*
X004130Y037791D01*
X004155Y037835D01*
X004183Y037876D01*
X004215Y037915D01*
X004249Y037952D01*
X004286Y037986D01*
X004326Y038016D01*
X004368Y038043D01*
X004412Y038067D01*
X004458Y038088D01*
X004505Y038104D01*
X004553Y038117D01*
X004603Y038126D01*
X004652Y038131D01*
X004703Y038132D01*
X004753Y038129D01*
X004802Y038122D01*
X004851Y038111D01*
X004899Y038096D01*
X004945Y038078D01*
X004990Y038056D01*
X005033Y038030D01*
X005074Y038001D01*
X005113Y037969D01*
X005149Y037934D01*
X005181Y037896D01*
X005211Y037856D01*
X005238Y037813D01*
X005261Y037769D01*
X005280Y037723D01*
X005296Y037675D01*
X005308Y037626D01*
X005316Y037577D01*
X005320Y037527D01*
X005320Y037477D01*
X005316Y037427D01*
X005308Y037378D01*
X005296Y037329D01*
X005280Y037281D01*
X005261Y037235D01*
X005238Y037191D01*
X005211Y037148D01*
X005181Y037108D01*
X005149Y037070D01*
X005113Y037035D01*
X005074Y037003D01*
X005033Y036974D01*
X004990Y036948D01*
X004945Y036926D01*
X004899Y036908D01*
X004851Y036893D01*
X004802Y036882D01*
X004753Y036875D01*
X004703Y036872D01*
X004652Y036873D01*
X004603Y036878D01*
X004553Y036887D01*
X004505Y036900D01*
X004458Y036916D01*
X004412Y036937D01*
X004368Y036961D01*
X004326Y036988D01*
X004286Y037018D01*
X004249Y037052D01*
X004215Y037089D01*
X004183Y037128D01*
X004155Y037169D01*
X004130Y037213D01*
X004109Y037258D01*
X004092Y037305D01*
X004078Y037353D01*
X004068Y037402D01*
X004062Y037452D01*
X004060Y037502D01*
X020024Y031101D02*
X020026Y031128D01*
X020032Y031155D01*
X020041Y031181D01*
X020054Y031205D01*
X020070Y031228D01*
X020089Y031247D01*
X020111Y031264D01*
X020135Y031278D01*
X020160Y031288D01*
X020187Y031295D01*
X020214Y031298D01*
X020242Y031297D01*
X020269Y031292D01*
X020295Y031284D01*
X020319Y031272D01*
X020342Y031256D01*
X020363Y031238D01*
X020380Y031217D01*
X020395Y031193D01*
X020406Y031168D01*
X020414Y031142D01*
X020418Y031115D01*
X020418Y031087D01*
X020414Y031060D01*
X020406Y031034D01*
X020395Y031009D01*
X020380Y030985D01*
X020363Y030964D01*
X020342Y030946D01*
X020320Y030930D01*
X020295Y030918D01*
X020269Y030910D01*
X020242Y030905D01*
X020214Y030904D01*
X020187Y030907D01*
X020160Y030914D01*
X020135Y030924D01*
X020111Y030938D01*
X020089Y030955D01*
X020070Y030974D01*
X020054Y030997D01*
X020041Y031021D01*
X020032Y031047D01*
X020026Y031074D01*
X020024Y031101D01*
X041461Y007975D02*
X041463Y008025D01*
X041469Y008075D01*
X041479Y008124D01*
X041493Y008172D01*
X041510Y008219D01*
X041531Y008264D01*
X041556Y008308D01*
X041584Y008349D01*
X041616Y008388D01*
X041650Y008425D01*
X041687Y008459D01*
X041727Y008489D01*
X041769Y008516D01*
X041813Y008540D01*
X041859Y008561D01*
X041906Y008577D01*
X041954Y008590D01*
X042004Y008599D01*
X042053Y008604D01*
X042104Y008605D01*
X042154Y008602D01*
X042203Y008595D01*
X042252Y008584D01*
X042300Y008569D01*
X042346Y008551D01*
X042391Y008529D01*
X042434Y008503D01*
X042475Y008474D01*
X042514Y008442D01*
X042550Y008407D01*
X042582Y008369D01*
X042612Y008329D01*
X042639Y008286D01*
X042662Y008242D01*
X042681Y008196D01*
X042697Y008148D01*
X042709Y008099D01*
X042717Y008050D01*
X042721Y008000D01*
X042721Y007950D01*
X042717Y007900D01*
X042709Y007851D01*
X042697Y007802D01*
X042681Y007754D01*
X042662Y007708D01*
X042639Y007664D01*
X042612Y007621D01*
X042582Y007581D01*
X042550Y007543D01*
X042514Y007508D01*
X042475Y007476D01*
X042434Y007447D01*
X042391Y007421D01*
X042346Y007399D01*
X042300Y007381D01*
X042252Y007366D01*
X042203Y007355D01*
X042154Y007348D01*
X042104Y007345D01*
X042053Y007346D01*
X042004Y007351D01*
X041954Y007360D01*
X041906Y007373D01*
X041859Y007389D01*
X041813Y007410D01*
X041769Y007434D01*
X041727Y007461D01*
X041687Y007491D01*
X041650Y007525D01*
X041616Y007562D01*
X041584Y007601D01*
X041556Y007642D01*
X041531Y007686D01*
X041510Y007731D01*
X041493Y007778D01*
X041479Y007826D01*
X041469Y007875D01*
X041463Y007925D01*
X041461Y007975D01*
X063115Y002069D02*
X063117Y002119D01*
X063123Y002169D01*
X063133Y002218D01*
X063147Y002266D01*
X063164Y002313D01*
X063185Y002358D01*
X063210Y002402D01*
X063238Y002443D01*
X063270Y002482D01*
X063304Y002519D01*
X063341Y002553D01*
X063381Y002583D01*
X063423Y002610D01*
X063467Y002634D01*
X063513Y002655D01*
X063560Y002671D01*
X063608Y002684D01*
X063658Y002693D01*
X063707Y002698D01*
X063758Y002699D01*
X063808Y002696D01*
X063857Y002689D01*
X063906Y002678D01*
X063954Y002663D01*
X064000Y002645D01*
X064045Y002623D01*
X064088Y002597D01*
X064129Y002568D01*
X064168Y002536D01*
X064204Y002501D01*
X064236Y002463D01*
X064266Y002423D01*
X064293Y002380D01*
X064316Y002336D01*
X064335Y002290D01*
X064351Y002242D01*
X064363Y002193D01*
X064371Y002144D01*
X064375Y002094D01*
X064375Y002044D01*
X064371Y001994D01*
X064363Y001945D01*
X064351Y001896D01*
X064335Y001848D01*
X064316Y001802D01*
X064293Y001758D01*
X064266Y001715D01*
X064236Y001675D01*
X064204Y001637D01*
X064168Y001602D01*
X064129Y001570D01*
X064088Y001541D01*
X064045Y001515D01*
X064000Y001493D01*
X063954Y001475D01*
X063906Y001460D01*
X063857Y001449D01*
X063808Y001442D01*
X063758Y001439D01*
X063707Y001440D01*
X063658Y001445D01*
X063608Y001454D01*
X063560Y001467D01*
X063513Y001483D01*
X063467Y001504D01*
X063423Y001528D01*
X063381Y001555D01*
X063341Y001585D01*
X063304Y001619D01*
X063270Y001656D01*
X063238Y001695D01*
X063210Y001736D01*
X063185Y001780D01*
X063164Y001825D01*
X063147Y001872D01*
X063133Y001920D01*
X063123Y001969D01*
X063117Y002019D01*
X063115Y002069D01*
X063115Y037502D02*
X063117Y037552D01*
X063123Y037602D01*
X063133Y037651D01*
X063147Y037699D01*
X063164Y037746D01*
X063185Y037791D01*
X063210Y037835D01*
X063238Y037876D01*
X063270Y037915D01*
X063304Y037952D01*
X063341Y037986D01*
X063381Y038016D01*
X063423Y038043D01*
X063467Y038067D01*
X063513Y038088D01*
X063560Y038104D01*
X063608Y038117D01*
X063658Y038126D01*
X063707Y038131D01*
X063758Y038132D01*
X063808Y038129D01*
X063857Y038122D01*
X063906Y038111D01*
X063954Y038096D01*
X064000Y038078D01*
X064045Y038056D01*
X064088Y038030D01*
X064129Y038001D01*
X064168Y037969D01*
X064204Y037934D01*
X064236Y037896D01*
X064266Y037856D01*
X064293Y037813D01*
X064316Y037769D01*
X064335Y037723D01*
X064351Y037675D01*
X064363Y037626D01*
X064371Y037577D01*
X064375Y037527D01*
X064375Y037477D01*
X064371Y037427D01*
X064363Y037378D01*
X064351Y037329D01*
X064335Y037281D01*
X064316Y037235D01*
X064293Y037191D01*
X064266Y037148D01*
X064236Y037108D01*
X064204Y037070D01*
X064168Y037035D01*
X064129Y037003D01*
X064088Y036974D01*
X064045Y036948D01*
X064000Y036926D01*
X063954Y036908D01*
X063906Y036893D01*
X063857Y036882D01*
X063808Y036875D01*
X063758Y036872D01*
X063707Y036873D01*
X063658Y036878D01*
X063608Y036887D01*
X063560Y036900D01*
X063513Y036916D01*
X063467Y036937D01*
X063423Y036961D01*
X063381Y036988D01*
X063341Y037018D01*
X063304Y037052D01*
X063270Y037089D01*
X063238Y037128D01*
X063210Y037169D01*
X063185Y037213D01*
X063164Y037258D01*
X063147Y037305D01*
X063133Y037353D01*
X063123Y037402D01*
X063117Y037452D01*
X063115Y037502D01*
M02*
